# Items: 5000, Weight: 125000
# Index, Weight, Price
0 93 156
1 38 12
2 37 675
3 54 436
4 68 702
5 22 922
6 34 812
7 9 820
8 12 247
9 2 601
10 77 295
11 84 633
12 33 507
13 70 551
14 12 262
15 10 263
16 61 667
17 95 966
18 87 131
19 54 138
20 5 772
21 16 175
22 93 142
23 35 815
24 90 733
25 64 155
26 99 260
27 24 384
28 5 909
29 92 623
30 87 966
31 12 474
32 98 647
33 43 945
34 74 83
35 42 908
36 75 484
37 49 922
38 70 422
39 13 309
40 46 388
41 64 782
42 80 818
43 84 694
44 78 321
45 71 965
46 61 387
47 32 670
48 6 923
49 66 517
50 60 441
51 37 589
52 46 875
53 49 555
54 66 277
55 20 493
56 13 19
57 48 766
58 23 468
59 88 208
60 65 818
61 91 366
62 16 244
63 94 120
64 26 42
65 30 905
66 1 961
67 45 195
68 28 905
69 10 953
70 38 534
71 18 825
72 45 778
73 47 277
74 91 603
75 59 71
76 39 583
77 9 280
78 86 200
79 33 41
80 82 832
81 48 606
82 82 454
83 34 908
84 22 301
85 11 458
86 63 159
87 45 118
88 93 68
89 76 553
90 53 614
91 79 751
92 41 68
93 95 271
94 23 923
95 21 917
96 25 786
97 77 247
98 55 692
99 66 268
100 76 400
101 96 512
102 82 743
103 52 907
104 76 749
105 49 618
106 28 431
107 65 109
108 31 901
109 15 451
110 92 244
111 9 389
112 28 632
113 98 403
114 2 579
115 38 863
116 70 126
117 89 495
118 59 965
119 31 550
120 73 581
121 72 658
122 64 223
123 32 469
124 24 955
125 44 566
126 83 581
127 79 747
128 5 324
129 1 266
130 38 320
131 12 11
132 44 989
133 76 160
134 65 227
135 19 465
136 64 792
137 65 104
138 31 150
139 54 265
140 92 570
141 31 161
142 82 407
143 95 73
144 89 917
145 67 195
146 57 66
147 47 54
148 90 456
149 43 7
150 3 808
151 22 784
152 70 63
153 45 758
154 52 330
155 74 825
156 14 666
157 17 819
158 93 469
159 32 549
160 31 38
161 76 523
162 47 24
163 17 541
164 76 254
165 71 82
166 22 179
167 38 6
168 80 177
169 84 748
170 74 61
171 11 438
172 30 701
173 59 110
174 78 898
175 65 370
176 87 698
177 74 156
178 22 13
179 6 304
180 71 405
181 22 471
182 65 404
183 52 761
184 15 747
185 36 663
186 84 352
187 37 680
188 24 650
189 20 803
190 76 692
191 93 910
192 60 490
193 57 218
194 62 131
195 25 93
196 81 510
197 95 14
198 86 742
199 92 279
200 18 704
201 52 370
202 93 285
203 47 545
204 44 344
205 4 549
206 39 854
207 83 351
208 37 743
209 14 730
210 56 616
211 37 280
212 96 746
213 7 986
214 73 151
215 41 195
216 45 463
217 15 398
218 8 873
219 88 980
220 17 662
221 43 312
222 39 822
223 83 924
224 99 896
225 81 286
226 4 530
227 50 945
228 19 235
229 41 214
230 99 284
231 83 37
232 44 480
233 65 623
234 12 791
235 76 623
236 19 594
237 67 460
238 78 824
239 73 638
240 40 670
241 61 339
242 34 147
243 6 442
244 20 962
245 16 617
246 3 733
247 81 899
248 99 261
249 74 797
250 19 810
251 11 562
252 52 150
253 61 284
254 17 194
255 68 537
256 60 926
257 60 301
258 1 831
259 90 814
260 13 439
261 32 341
262 21 285
263 14 929
264 38 674
265 62 775
266 23 695
267 72 8
268 6 144
269 6 669
270 93 209
271 43 542
272 43 822
273 43 74
274 65 633
275 41 66
276 26 207
277 75 148
278 80 21
279 15 275
280 58 277
281 59 274
282 65 986
283 50 810
284 2 58
285 56 745
286 56 202
287 51 649
288 45 490
289 4 563
290 17 512
291 42 622
292 72 229
293 45 18
294 84 169
295 38 645
296 8 462
297 33 392
298 53 597
299 67 95
300 2 929
301 89 815
302 34 394
303 65 568
304 10 476
305 93 27
306 52 280
307 41 920
308 8 459
309 65 416
310 21 525
311 84 304
312 56 213
313 31 319
314 85 176
315 5 706
316 49 783
317 33 838
318 33 506
319 36 910
320 20 879
321 81 828
322 60 921
323 16 226
324 94 126
325 65 573
326 30 151
327 23 943
328 99 696
329 21 831
330 23 73
331 34 666
332 21 139
333 82 161
334 75 559
335 40 443
336 11 554
337 26 534
338 95 905
339 19 316
340 27 445
341 34 405
342 35 88
343 85 64
344 5 339
345 96 384
346 71 823
347 64 604
348 48 672
349 60 61
350 48 841
351 25 383
352 11 896
353 43 327
354 47 531
355 26 587
356 70 427
357 21 388
358 21 336
359 25 882
360 73 615
361 34 899
362 70 843
363 69 410
364 85 537
365 7 92
366 22 460
367 16 634
368 11 150
369 81 342
370 71 488
371 54 442
372 60 871
373 62 496
374 2 258
375 24 182
376 87 402
377 63 519
378 91 855
379 5 523
380 59 733
381 71 816
382 40 898
383 8 436
384 94 991
385 83 482
386 82 956
387 85 179
388 26 60
389 14 994
390 69 25
391 14 985
392 55 569
393 79 403
394 92 264
395 82 538
396 62 487
397 17 399
398 30 414
399 6 292
400 41 768
401 43 712
402 8 604
403 22 352
404 35 254
405 53 363
406 92 796
407 86 639
408 79 943
409 70 302
410 13 666
411 89 632
412 6 371
413 24 810
414 71 26
415 41 936
416 94 457
417 91 317
418 26 272
419 40 916
420 6 139
421 43 248
422 36 859
423 39 11
424 99 672
425 63 732
426 11 111
427 21 863
428 52 810
429 61 328
430 93 606
431 88 745
432 67 728
433 3 814
434 20 547
435 91 118
436 80 506
437 7 410
438 9 119
439 70 622
440 98 418
441 97 981
442 70 93
443 14 302
444 49 661
445 45 303
446 48 489
447 70 194
448 51 719
449 47 258
450 10 459
451 18 674
452 48 62
453 84 891
454 51 342
455 45 969
456 72 805
457 16 728
458 60 2
459 94 505
460 94 806
461 18 349
462 64 240
463 32 633
464 15 837
465 18 527
466 33 914
467 80 792
468 64 199
469 83 449
470 4 931
471 91 108
472 41 342
473 11 249
474 6 27
475 1 482
476 12 774
477 62 427
478 7 131
479 7 265
480 81 152
481 33 40
482 62 522
483 4 324
484 73 263
485 59 31
486 70 591
487 41 585
488 97 140
489 73 568
490 97 851
491 46 356
492 35 771
493 75 979
494 7 877
495 70 833
496 11 48
497 85 37
498 23 35
499 70 875
500 39 283
501 40 984
502 78 422
503 77 85
504 27 182
505 83 774
506 82 535
507 63 234
508 11 393
509 78 445
510 77 25
511 45 301
512 33 436
513 19 562
514 66 907
515 18 930
516 42 393
517 87 387
518 87 576
519 23 740
520 58 927
521 13 497
522 90 46
523 13 833
524 95 521
525 76 864
526 80 661
527 85 836
528 30 564
529 55 627
530 91 692
531 87 616
532 64 260
533 16 579
534 2 344
535 90 354
536 62 875
537 13 821
538 70 683
539 44 156
540 16 424
541 98 202
542 88 676
543 2 603
544 69 913
545 51 377
546 73 884
547 12 622
548 17 279
549 29 918
550 81 280
551 47 590
552 31 886
553 6 753
554 62 687
555 59 960
556 29 527
557 4 494
558 69 863
559 63 952
560 40 20
561 37 311
562 18 610
563 32 102
564 72 631
565 6 952
566 68 793
567 28 414
568 56 570
569 13 389
570 29 862
571 58 952
572 89 26
573 17 238
574 72 460
575 27 48
576 65 781
577 77 212
578 59 208
579 71 16
580 8 197
581 91 908
582 7 962
583 10 145
584 19 585
585 13 628
586 62 864
587 87 857
588 7 400
589 65 943
590 27 808
591 97 102
592 39 760
593 4 367
594 15 60
595 6 253
596 84 140
597 81 984
598 4 608
599 42 476
600 13 682
601 46 403
602 18 790
603 28 929
604 29 200
605 57 557
606 78 667
607 34 752
608 6 363
609 41 164
610 56 151
611 28 245
612 36 502
613 61 327
614 32 179
615 93 946
616 1 628
617 63 787
618 6 907
619 57 739
620 31 258
621 71 523
622 33 781
623 81 688
624 31 671
625 61 739
626 18 297
627 42 13
628 19 117
629 3 545
630 14 548
631 36 372
632 31 663
633 99 19
634 12 475
635 36 874
636 94 909
637 86 946
638 10 184
639 27 892
640 49 353
641 26 940
642 28 524
643 52 54
644 6 634
645 48 825
646 5 216
647 64 153
648 59 933
649 43 593
650 87 78
651 96 19
652 30 742
653 46 266
654 54 271
655 25 92
656 62 195
657 78 295
658 67 483
659 67 909
660 81 805
661 15 797
662 26 992
663 38 129
664 38 817
665 77 7
666 31 943
667 20 554
668 91 418
669 84 803
670 51 786
671 86 779
672 55 910
673 82 699
674 76 294
675 45 552
676 90 617
677 39 769
678 78 361
679 12 950
680 97 401
681 97 21
682 24 382
683 17 304
684 12 170
685 20 649
686 38 508
687 46 585
688 37 626
689 11 232
690 60 835
691 69 60
692 24 572
693 87 3
694 85 830
695 54 554
696 22 251
697 69 848
698 8 247
699 35 967
700 4 850
701 48 445
702 32 975
703 73 727
704 19 326
705 55 572
706 18 428
707 2 122
708 10 64
709 15 557
710 9 386
711 21 643
712 21 208
713 23 382
714 12 482
715 17 374
716 96 556
717 93 609
718 8 340
719 33 666
720 5 282
721 93 91
722 9 972
723 25 280
724 44 782
725 79 943
726 15 740
727 8 69
728 82 315
729 83 735
730 75 107
731 73 769
732 79 801
733 64 65
734 46 44
735 79 791
736 25 437
737 7 188
738 8 739
739 81 988
740 15 371
741 92 970
742 78 448
743 36 990
744 11 444
745 92 725
746 9 749
747 34 901
748 42 849
749 39 835
750 53 713
751 52 451
752 70 907
753 51 363
754 57 627
755 13 838
756 15 107
757 30 270
758 25 261
759 15 276
760 36 252
761 42 779
762 60 970
763 34 806
764 80 645
765 52 162
766 1 716
767 34 496
768 53 600
769 90 705
770 12 395
771 99 314
772 78 449
773 86 532
774 82 56
775 88 267
776 72 556
777 91 972
778 93 206
779 94 472
780 80 521
781 63 295
782 85 24
783 11 524
784 62 405
785 38 625
786 45 951
787 41 824
788 77 180
789 90 446
790 25 571
791 83 496
792 56 685
793 74 734
794 48 997
795 24 581
796 40 476
797 7 697
798 56 353
799 4 90
800 12 222
801 3 220
802 60 798
803 67 193
804 82 802
805 9 69
806 41 518
807 30 345
808 79 506
809 67 180
810 25 65
811 1 408
812 46 385
813 17 590
814 65 477
815 46 28
816 61 447
817 70 234
818 4 563
819 34 857
820 52 918
821 77 275
822 56 956
823 45 229
824 96 831
825 20 962
826 76 251
827 26 445
828 84 334
829 30 384
830 40 581
831 92 948
832 44 424
833 95 696
834 74 986
835 72 402
836 30 959
837 58 579
838 79 75
839 4 557
840 42 19
841 48 830
842 4 723
843 3 648
844 54 559
845 27 292
846 29 652
847 87 236
848 87 809
849 23 215
850 32 839
851 53 428
852 26 10
853 12 175
854 16 324
855 39 847
856 23 675
857 52 136
858 91 803
859 59 150
860 28 356
861 40 445
862 43 282
863 95 412
864 95 522
865 6 57
866 86 275
867 35 474
868 89 207
869 27 266
870 91 931
871 68 877
872 55 564
873 55 523
874 58 660
875 74 720
876 98 308
877 92 372
878 99 719
879 73 664
880 81 463
881 69 640
882 73 613
883 25 690
884 7 142
885 36 785
886 20 821
887 68 672
888 16 900
889 13 94
890 48 242
891 74 70
892 93 215
893 45 49
894 81 981
895 95 335
896 26 860
897 47 784
898 35 276
899 18 688
900 78 166
901 76 316
902 71 458
903 28 583
904 3 905
905 78 528
906 71 82
907 89 216
908 77 836
909 43 246
910 4 264
911 9 694
912 55 339
913 72 667
914 79 962
915 63 679
916 41 88
917 47 722
918 76 779
919 1 482
920 77 98
921 93 568
922 86 231
923 75 372
924 11 515
925 26 462
926 44 698
927 47 139
928 4 739
929 10 914
930 19 592
931 34 302
932 86 629
933 51 361
934 2 792
935 54 592
936 83 344
937 86 907
938 52 61
939 66 722
940 88 948
941 54 806
942 2 787
943 34 757
944 82 891
945 20 662
946 98 952
947 41 732
948 41 819
949 12 183
950 44 764
951 28 612
952 75 650
953 62 968
954 96 278
955 20 110
956 30 199
957 25 350
958 93 382
959 71 790
960 55 796
961 2 825
962 32 573
963 43 757
964 7 746
965 41 101
966 44 879
967 58 184
968 96 246
969 94 302
970 53 653
971 32 733
972 57 413
973 90 952
974 63 477
975 82 924
976 39 866
977 25 290
978 70 966
979 41 705
980 73 599
981 75 745
982 26 575
983 94 166
984 84 135
985 75 211
986 57 904
987 54 950
988 71 998
989 1 98
990 33 213
991 16 9
992 8 648
993 38 227
994 10 563
995 48 190
996 29 684
997 41 663
998 21 668
999 86 639
1000 55 726
1001 61 396
1002 74 241
1003 86 156
1004 2 162
1005 93 327
1006 68 525
1007 57 308
1008 58 459
1009 62 916
1010 7 89
1011 65 656
1012 45 546
1013 38 637
1014 62 561
1015 89 459
1016 3 674
1017 44 189
1018 91 329
1019 72 111
1020 72 410
1021 49 38
1022 80 902
1023 76 933
1024 63 953
1025 53 597
1026 21 93
1027 91 16
1028 87 883
1029 90 999
1030 54 90
1031 90 513
1032 42 5
1033 52 29
1034 28 357
1035 10 528
1036 58 18
1037 97 223
1038 49 947
1039 98 482
1040 47 880
1041 4 715
1042 65 801
1043 28 715
1044 36 653
1045 28 785
1046 86 940
1047 86 202
1048 10 746
1049 40 213
1050 18 552
1051 48 812
1052 94 312
1053 14 299
1054 41 580
1055 34 887
1056 84 508
1057 70 505
1058 99 497
1059 81 897
1060 54 840
1061 33 80
1062 98 394
1063 43 646
1064 86 516
1065 56 199
1066 10 274
1067 93 92
1068 19 917
1069 71 64
1070 31 636
1071 92 625
1072 60 666
1073 96 365
1074 16 622
1075 62 921
1076 13 440
1077 36 431
1078 19 479
1079 82 245
1080 72 25
1081 27 998
1082 54 300
1083 91 958
1084 53 771
1085 90 487
1086 25 338
1087 89 143
1088 42 860
1089 41 370
1090 5 917
1091 42 873
1092 46 575
1093 12 448
1094 73 871
1095 58 583
1096 58 720
1097 53 163
1098 4 673
1099 28 611
1100 20 723
1101 15 901
1102 39 784
1103 4 978
1104 13 291
1105 31 735
1106 11 119
1107 96 265
1108 77 310
1109 60 705
1110 78 560
1111 92 188
1112 80 984
1113 36 910
1114 56 693
1115 69 918
1116 44 542
1117 33 682
1118 77 618
1119 18 113
1120 20 712
1121 92 54
1122 8 406
1123 58 889
1124 45 292
1125 3 491
1126 90 198
1127 47 868
1128 81 538
1129 42 39
1130 74 891
1131 69 887
1132 97 486
1133 79 296
1134 77 645
1135 61 357
1136 17 930
1137 86 390
1138 25 579
1139 87 148
1140 56 563
1141 64 997
1142 51 14
1143 3 939
1144 44 80
1145 94 124
1146 71 847
1147 38 71
1148 24 545
1149 60 232
1150 69 217
1151 36 342
1152 34 770
1153 73 471
1154 30 320
1155 15 315
1156 70 620
1157 79 408
1158 76 187
1159 89 736
1160 45 770
1161 80 689
1162 96 555
1163 10 500
1164 94 132
1165 11 641
1166 37 695
1167 18 154
1168 26 832
1169 3 767
1170 78 313
1171 55 929
1172 22 702
1173 28 316
1174 1 318
1175 61 983
1176 19 778
1177 33 293
1178 95 717
1179 41 717
1180 24 465
1181 52 747
1182 82 298
1183 50 580
1184 45 124
1185 15 103
1186 26 914
1187 26 327
1188 21 359
1189 75 377
1190 26 764
1191 27 278
1192 40 395
1193 98 183
1194 69 972
1195 63 290
1196 35 491
1197 14 972
1198 77 994
1199 25 505
1200 41 877
1201 98 527
1202 14 669
1203 14 761
1204 69 248
1205 25 882
1206 7 465
1207 81 629
1208 70 305
1209 37 281
1210 71 225
1211 57 230
1212 25 101
1213 24 18
1214 67 298
1215 59 885
1216 9 926
1217 91 291
1218 16 583
1219 50 631
1220 43 860
1221 98 511
1222 71 905
1223 69 429
1224 21 754
1225 64 71
1226 22 383
1227 82 18
1228 51 914
1229 81 866
1230 74 843
1231 4 777
1232 83 696
1233 39 835
1234 57 912
1235 44 614
1236 38 904
1237 26 33
1238 99 947
1239 73 131
1240 19 957
1241 43 251
1242 3 35
1243 44 870
1244 21 249
1245 62 71
1246 85 750
1247 14 735
1248 41 732
1249 85 719
1250 90 688
1251 53 910
1252 26 847
1253 26 661
1254 37 372
1255 5 524
1256 46 305
1257 24 889
1258 61 684
1259 67 910
1260 65 648
1261 77 608
1262 53 502
1263 44 442
1264 31 86
1265 10 841
1266 22 294
1267 75 470
1268 10 584
1269 20 469
1270 91 821
1271 23 284
1272 79 656
1273 88 269
1274 16 806
1275 77 656
1276 54 80
1277 66 116
1278 36 589
1279 93 92
1280 17 481
1281 4 446
1282 78 505
1283 13 846
1284 32 245
1285 59 329
1286 33 135
1287 24 190
1288 47 970
1289 24 97
1290 88 620
1291 66 986
1292 71 535
1293 30 26
1294 96 117
1295 24 677
1296 61 453
1297 95 987
1298 80 288
1299 83 248
1300 54 221
1301 86 465
1302 48 801
1303 70 269
1304 29 795
1305 45 353
1306 13 698
1307 27 517
1308 37 175
1309 81 583
1310 74 828
1311 85 553
1312 69 180
1313 95 598
1314 91 23
1315 20 832
1316 38 154
1317 55 778
1318 77 165
1319 53 264
1320 77 410
1321 86 430
1322 28 782
1323 90 373
1324 62 939
1325 98 500
1326 44 9
1327 31 559
1328 41 735
1329 22 841
1330 44 478
1331 3 587
1332 3 463
1333 83 853
1334 24 48
1335 46 169
1336 31 787
1337 20 914
1338 14 705
1339 38 388
1340 86 583
1341 68 128
1342 61 361
1343 41 613
1344 16 296
1345 45 876
1346 94 942
1347 75 699
1348 22 836
1349 48 702
1350 85 621
1351 98 333
1352 4 965
1353 2 177
1354 10 739
1355 86 528
1356 17 182
1357 53 484
1358 94 269
1359 47 751
1360 22 861
1361 2 514
1362 96 740
1363 3 590
1364 27 956
1365 99 770
1366 1 748
1367 92 790
1368 49 61
1369 31 814
1370 12 903
1371 45 857
1372 2 998
1373 30 17
1374 45 344
1375 61 569
1376 21 425
1377 39 927
1378 12 305
1379 90 980
1380 29 994
1381 83 991
1382 49 415
1383 13 535
1384 54 871
1385 61 394
1386 20 621
1387 89 478
1388 65 765
1389 41 980
1390 61 146
1391 54 716
1392 47 239
1393 18 13
1394 38 41
1395 5 879
1396 49 100
1397 85 741
1398 29 407
1399 85 148
1400 31 597
1401 6 249
1402 12 258
1403 69 881
1404 75 948
1405 52 774
1406 49 308
1407 30 880
1408 22 603
1409 68 95
1410 26 395
1411 59 726
1412 14 575
1413 34 838
1414 6 787
1415 33 842
1416 30 987
1417 97 391
1418 39 659
1419 74 350
1420 32 302
1421 40 889
1422 61 145
1423 35 568
1424 3 229
1425 11 511
1426 25 154
1427 82 706
1428 79 437
1429 64 519
1430 8 808
1431 36 664
1432 64 265
1433 60 635
1434 96 812
1435 69 364
1436 72 247
1437 81 161
1438 82 204
1439 67 297
1440 60 206
1441 95 456
1442 14 967
1443 72 239
1444 46 838
1445 52 179
1446 78 140
1447 26 297
1448 53 369
1449 83 339
1450 40 213
1451 85 716
1452 21 356
1453 44 980
1454 54 760
1455 42 535
1456 22 30
1457 63 648
1458 43 398
1459 89 508
1460 69 122
1461 57 160
1462 69 319
1463 18 330
1464 25 308
1465 7 826
1466 33 128
1467 35 500
1468 52 27
1469 81 583
1470 95 53
1471 34 70
1472 46 55
1473 12 542
1474 43 800
1475 9 466
1476 81 852
1477 2 121
1478 89 59
1479 43 872
1480 63 106
1481 58 245
1482 8 213
1483 42 347
1484 50 946
1485 78 856
1486 9 24
1487 59 473
1488 40 26
1489 24 594
1490 9 953
1491 32 239
1492 27 275
1493 69 637
1494 54 63
1495 88 442
1496 45 43
1497 27 112
1498 84 729
1499 28 384
1500 12 527
1501 60 418
1502 80 743
1503 61 870
1504 24 151
1505 14 499
1506 94 209
1507 52 518
1508 56 434
1509 28 38
1510 56 278
1511 91 530
1512 11 189
1513 40 783
1514 11 275
1515 96 571
1516 71 125
1517 55 627
1518 13 612
1519 43 654
1520 8 756
1521 69 49
1522 88 566
1523 28 843
1524 56 656
1525 26 867
1526 74 270
1527 42 532
1528 43 950
1529 74 632
1530 15 412
1531 77 691
1532 98 824
1533 15 707
1534 58 680
1535 86 751
1536 85 418
1537 58 178
1538 9 859
1539 65 911
1540 35 493
1541 8 352
1542 14 730
1543 43 303
1544 69 211
1545 68 951
1546 37 772
1547 21 595
1548 33 202
1549 75 688
1550 18 674
1551 60 37
1552 27 695
1553 19 197
1554 96 215
1555 66 486
1556 57 582
1557 38 251
1558 13 993
1559 96 112
1560 70 721
1561 69 825
1562 18 306
1563 94 335
1564 62 106
1565 5 805
1566 59 267
1567 13 621
1568 56 754
1569 34 129
1570 93 117
1571 59 140
1572 81 475
1573 30 70
1574 17 895
1575 63 610
1576 21 594
1577 72 216
1578 7 81
1579 81 247
1580 3 395
1581 62 499
1582 9 25
1583 40 261
1584 11 207
1585 53 950
1586 42 185
1587 63 663
1588 92 787
1589 18 492
1590 55 744
1591 33 615
1592 1 533
1593 13 989
1594 81 733
1595 61 394
1596 75 557
1597 16 906
1598 28 422
1599 55 773
1600 59 400
1601 41 286
1602 38 234
1603 62 686
1604 2 493
1605 39 442
1606 48 949
1607 97 696
1608 30 175
1609 45 549
1610 6 550
1611 40 78
1612 66 708
1613 85 205
1614 4 12
1615 85 770
1616 82 394
1617 38 733
1618 52 943
1619 25 401
1620 69 939
1621 34 23
1622 33 916
1623 35 66
1624 41 928
1625 13 145
1626 28 270
1627 91 224
1628 70 276
1629 16 231
1630 69 94
1631 15 783
1632 8 898
1633 7 938
1634 26 218
1635 28 99
1636 33 291
1637 70 897
1638 94 585
1639 25 847
1640 67 16
1641 57 752
1642 68 867
1643 74 544
1644 10 932
1645 58 714
1646 7 209
1647 13 35
1648 89 550
1649 24 761
1650 94 966
1651 71 681
1652 55 1
1653 42 616
1654 59 454
1655 61 442
1656 26 510
1657 25 405
1658 2 454
1659 21 340
1660 28 354
1661 79 536
1662 43 513
1663 9 821
1664 8 224
1665 70 864
1666 76 48
1667 50 142
1668 34 678
1669 58 213
1670 48 40
1671 99 364
1672 40 424
1673 61 154
1674 45 968
1675 2 228
1676 9 249
1677 92 937
1678 65 845
1679 80 359
1680 5 396
1681 18 917
1682 35 682
1683 5 247
1684 30 141
1685 96 357
1686 80 963
1687 85 535
1688 11 799
1689 28 202
1690 50 349
1691 61 18
1692 30 166
1693 59 528
1694 81 656
1695 51 96
1696 61 974
1697 20 256
1698 32 914
1699 8 601
1700 66 571
1701 51 195
1702 44 679
1703 13 124
1704 35 746
1705 68 970
1706 38 652
1707 30 812
1708 88 239
1709 34 326
1710 42 681
1711 20 549
1712 91 948
1713 21 661
1714 42 389
1715 85 531
1716 49 978
1717 72 634
1718 32 145
1719 78 941
1720 4 221
1721 38 245
1722 72 407
1723 38 984
1724 95 79
1725 88 496
1726 28 613
1727 99 273
1728 39 377
1729 89 982
1730 16 683
1731 50 492
1732 94 376
1733 79 578
1734 53 567
1735 31 60
1736 44 631
1737 50 494
1738 28 655
1739 99 854
1740 22 77
1741 98 931
1742 66 63
1743 30 285
1744 42 128
1745 23 441
1746 79 497
1747 88 353
1748 12 267
1749 39 333
1750 87 937
1751 83 518
1752 87 21
1753 85 75
1754 65 676
1755 46 832
1756 39 583
1757 51 927
1758 75 958
1759 69 998
1760 83 340
1761 77 812
1762 14 92
1763 93 519
1764 95 810
1765 11 114
1766 69 361
1767 43 106
1768 9 521
1769 38 636
1770 30 470
1771 18 895
1772 2 374
1773 1 215
1774 97 284
1775 66 45
1776 7 586
1777 61 494
1778 40 386
1779 25 998
1780 4 161
1781 78 521
1782 35 752
1783 33 168
1784 37 764
1785 33 165
1786 97 134
1787 22 512
1788 67 432
1789 45 916
1790 86 938
1791 76 715
1792 95 536
1793 63 962
1794 41 403
1795 39 352
1796 11 982
1797 20 330
1798 70 219
1799 43 765
1800 39 676
1801 11 338
1802 74 153
1803 82 273
1804 11 289
1805 89 555
1806 93 756
1807 56 44
1808 88 873
1809 2 245
1810 21 273
1811 61 795
1812 96 130
1813 73 712
1814 63 653
1815 86 837
1816 91 676
1817 45 276
1818 74 274
1819 11 441
1820 60 349
1821 68 611
1822 74 26
1823 13 806
1824 5 386
1825 92 303
1826 68 360
1827 81 951
1828 64 743
1829 47 114
1830 29 749
1831 60 267
1832 42 234
1833 77 334
1834 10 382
1835 16 382
1836 22 495
1837 75 234
1838 46 860
1839 64 908
1840 19 91
1841 70 933
1842 86 895
1843 50 378
1844 41 287
1845 45 257
1846 31 597
1847 26 587
1848 23 115
1849 12 952
1850 82 401
1851 15 67
1852 92 135
1853 33 498
1854 97 493
1855 33 877
1856 70 945
1857 94 832
1858 72 639
1859 63 217
1860 47 582
1861 57 813
1862 94 295
1863 77 965
1864 1 96
1865 93 560
1866 33 92
1867 16 979
1868 62 513
1869 67 648
1870 8 26
1871 56 295
1872 49 403
1873 34 988
1874 94 384
1875 71 267
1876 94 901
1877 67 2
1878 19 809
1879 82 934
1880 36 704
1881 2 516
1882 44 146
1883 54 82
1884 25 118
1885 47 184
1886 17 431
1887 76 688
1888 88 213
1889 72 998
1890 38 461
1891 77 279
1892 89 217
1893 44 998
1894 72 335
1895 26 247
1896 68 477
1897 72 967
1898 41 218
1899 87 738
1900 37 160
1901 66 882
1902 40 481
1903 64 370
1904 72 761
1905 51 754
1906 53 866
1907 71 433
1908 92 739
1909 86 944
1910 80 634
1911 30 538
1912 98 616
1913 77 911
1914 60 274
1915 50 33
1916 50 788
1917 97 135
1918 80 757
1919 54 233
1920 58 605
1921 49 158
1922 86 491
1923 37 957
1924 89 174
1925 78 249
1926 90 535
1927 19 26
1928 9 716
1929 64 40
1930 3 491
1931 76 879
1932 65 141
1933 76 131
1934 93 624
1935 30 488
1936 36 862
1937 33 921
1938 13 663
1939 92 82
1940 53 216
1941 92 568
1942 81 760
1943 55 842
1944 63 885
1945 75 908
1946 73 471
1947 67 246
1948 36 724
1949 82 80
1950 1 467
1951 1 214
1952 43 415
1953 60 262
1954 76 753
1955 76 198
1956 82 72
1957 96 385
1958 2 392
1959 13 979
1960 48 233
1961 11 542
1962 94 154
1963 42 267
1964 83 882
1965 23 268
1966 4 123
1967 19 80
1968 66 605
1969 14 132
1970 85 208
1971 85 671
1972 82 93
1973 40 689
1974 55 808
1975 83 761
1976 6 799
1977 20 60
1978 26 396
1979 14 922
1980 45 240
1981 22 697
1982 33 124
1983 38 588
1984 49 123
1985 38 152
1986 5 436
1987 78 704
1988 82 340
1989 50 660
1990 18 702
1991 21 164
1992 50 298
1993 82 854
1994 3 850
1995 49 735
1996 23 31
1997 91 289
1998 95 696
1999 56 360
2000 92 742
2001 55 73
2002 16 854
2003 99 563
2004 13 999
2005 1 275
2006 50 50
2007 88 412
2008 97 959
2009 86 190
2010 47 336
2011 56 404
2012 37 60
2013 10 523
2014 89 776
2015 3 167
2016 73 508
2017 29 167
2018 42 62
2019 36 540
2020 15 255
2021 37 244
2022 85 195
2023 45 160
2024 81 825
2025 19 172
2026 12 171
2027 71 512
2028 61 798
2029 51 777
2030 2 561
2031 4 612
2032 69 186
2033 49 359
2034 68 482
2035 84 188
2036 5 969
2037 33 796
2038 86 370
2039 96 63
2040 78 582
2041 88 134
2042 45 253
2043 46 905
2044 67 779
2045 64 89
2046 95 914
2047 1 26
2048 81 679
2049 54 60
2050 87 208
2051 45 525
2052 61 343
2053 92 362
2054 65 488
2055 90 118
2056 48 510
2057 31 637
2058 44 928
2059 73 795
2060 85 675
2061 38 615
2062 88 696
2063 13 181
2064 70 754
2065 43 808
2066 67 59
2067 19 508
2068 59 936
2069 2 190
2070 80 895
2071 89 425
2072 66 365
2073 27 226
2074 13 521
2075 12 450
2076 88 750
2077 37 879
2078 73 991
2079 60 327
2080 53 68
2081 38 434
2082 99 735
2083 79 168
2084 72 623
2085 8 909
2086 22 358
2087 32 454
2088 12 321
2089 72 939
2090 60 747
2091 10 981
2092 83 757
2093 78 645
2094 85 422
2095 35 878
2096 76 637
2097 55 698
2098 9 131
2099 14 587
2100 19 514
2101 33 898
2102 91 657
2103 39 196
2104 68 936
2105 55 286
2106 93 314
2107 11 963
2108 44 814
2109 81 859
2110 96 23
2111 35 280
2112 63 97
2113 54 221
2114 54 423
2115 87 150
2116 81 412
2117 37 53
2118 87 863
2119 52 585
2120 21 505
2121 43 549
2122 77 818
2123 60 223
2124 22 138
2125 67 908
2126 29 865
2127 6 393
2128 71 514
2129 36 675
2130 26 128
2131 23 294
2132 3 331
2133 43 306
2134 98 661
2135 76 31
2136 42 510
2137 96 115
2138 79 739
2139 46 78
2140 78 842
2141 10 902
2142 41 969
2143 94 354
2144 15 914
2145 8 17
2146 91 116
2147 45 475
2148 85 790
2149 24 373
2150 47 629
2151 90 877
2152 92 654
2153 25 704
2154 41 49
2155 65 943
2156 27 735
2157 94 194
2158 91 688
2159 87 118
2160 8 96
2161 3 315
2162 56 853
2163 60 545
2164 32 989
2165 77 184
2166 89 921
2167 16 531
2168 18 607
2169 90 101
2170 22 386
2171 58 564
2172 79 182
2173 9 472
2174 53 921
2175 58 403
2176 4 457
2177 70 473
2178 55 726
2179 80 331
2180 24 115
2181 66 752
2182 69 232
2183 41 361
2184 23 240
2185 85 941
2186 55 913
2187 84 90
2188 15 824
2189 16 601
2190 19 460
2191 73 759
2192 93 899
2193 72 909
2194 16 419
2195 75 10
2196 12 969
2197 76 409
2198 68 230
2199 16 684
2200 85 737
2201 57 850
2202 21 702
2203 45 111
2204 41 908
2205 98 996
2206 67 844
2207 34 811
2208 64 29
2209 91 672
2210 12 688
2211 85 79
2212 45 65
2213 56 886
2214 79 718
2215 29 153
2216 81 199
2217 41 828
2218 51 284
2219 75 522
2220 82 953
2221 64 485
2222 10 664
2223 38 313
2224 45 454
2225 27 300
2226 71 644
2227 59 124
2228 31 654
2229 37 127
2230 29 160
2231 57 457
2232 88 987
2233 85 646
2234 90 831
2235 95 235
2236 52 474
2237 45 604
2238 7 751
2239 69 867
2240 89 306
2241 93 568
2242 24 623
2243 73 628
2244 46 996
2245 91 696
2246 19 231
2247 88 613
2248 91 216
2249 70 745
2250 64 297
2251 58 112
2252 44 896
2253 67 828
2254 66 354
2255 86 136
2256 18 411
2257 80 589
2258 63 493
2259 84 556
2260 95 480
2261 84 272
2262 43 195
2263 69 854
2264 40 548
2265 94 204
2266 69 294
2267 18 183
2268 69 154
2269 16 41
2270 68 224
2271 6 111
2272 69 208
2273 83 704
2274 17 895
2275 54 187
2276 39 313
2277 28 997
2278 45 931
2279 36 943
2280 6 264
2281 42 347
2282 51 579
2283 31 584
2284 23 296
2285 99 532
2286 31 450
2287 10 962
2288 74 846
2289 62 614
2290 31 170
2291 42 600
2292 25 908
2293 49 34
2294 4 383
2295 24 255
2296 8 975
2297 47 758
2298 35 380
2299 70 747
2300 64 942
2301 14 569
2302 56 346
2303 21 572
2304 27 659
2305 47 78
2306 67 653
2307 10 49
2308 32 715
2309 88 915
2310 46 625
2311 3 481
2312 67 208
2313 95 608
2314 32 499
2315 86 947
2316 85 640
2317 44 776
2318 60 349
2319 52 966
2320 5 391
2321 4 655
2322 26 268
2323 99 745
2324 21 177
2325 57 875
2326 38 406
2327 45 43
2328 73 439
2329 64 718
2330 88 768
2331 54 475
2332 4 483
2333 19 333
2334 33 483
2335 55 54
2336 98 931
2337 36 140
2338 7 328
2339 47 790
2340 99 2
2341 67 964
2342 83 944
2343 54 556
2344 6 828
2345 94 264
2346 15 468
2347 7 432
2348 43 531
2349 68 473
2350 6 59
2351 86 737
2352 72 977
2353 85 457
2354 1 791
2355 28 76
2356 44 40
2357 20 559
2358 78 464
2359 46 489
2360 7 959
2361 49 355
2362 75 252
2363 21 511
2364 70 996
2365 9 841
2366 48 259
2367 85 570
2368 63 507
2369 43 646
2370 59 295
2371 91 97
2372 91 834
2373 54 272
2374 30 28
2375 26 48
2376 64 58
2377 23 900
2378 27 187
2379 53 714
2380 92 887
2381 10 659
2382 96 141
2383 86 645
2384 21 840
2385 61 127
2386 5 114
2387 61 613
2388 80 302
2389 8 307
2390 26 120
2391 3 896
2392 5 745
2393 65 888
2394 91 354
2395 26 91
2396 17 539
2397 4 121
2398 63 878
2399 50 339
2400 69 30
2401 24 676
2402 16 225
2403 60 422
2404 64 159
2405 33 874
2406 61 909
2407 60 382
2408 62 89
2409 75 888
2410 42 932
2411 88 14
2412 3 985
2413 53 916
2414 35 286
2415 3 483
2416 91 879
2417 30 834
2418 61 515
2419 94 750
2420 13 142
2421 47 659
2422 53 750
2423 2 985
2424 89 26
2425 47 335
2426 89 52
2427 15 58
2428 9 677
2429 71 6
2430 67 336
2431 59 900
2432 70 969
2433 88 748
2434 34 641
2435 25 589
2436 49 134
2437 68 831
2438 87 139
2439 40 226
2440 98 384
2441 93 477
2442 98 525
2443 17 44
2444 77 787
2445 62 680
2446 3 39
2447 21 692
2448 86 744
2449 92 251
2450 77 198
2451 59 891
2452 19 980
2453 46 103
2454 17 78
2455 82 775
2456 45 511
2457 8 57
2458 82 830
2459 1 599
2460 72 737
2461 88 515
2462 99 981
2463 35 9
2464 2 476
2465 66 488
2466 59 834
2467 26 484
2468 8 176
2469 71 337
2470 2 87
2471 71 83
2472 81 946
2473 33 210
2474 80 844
2475 33 354
2476 39 367
2477 86 838
2478 23 775
2479 60 677
2480 8 804
2481 75 934
2482 42 638
2483 70 30
2484 13 402
2485 44 253
2486 10 849
2487 35 463
2488 58 308
2489 30 271
2490 34 406
2491 69 866
2492 12 523
2493 58 178
2494 82 863
2495 96 230
2496 80 143
2497 66 314
2498 4 988
2499 4 1
2500 34 949
2501 51 53
2502 25 150
2503 12 809
2504 29 35
2505 51 340
2506 40 67
2507 99 539
2508 83 236
2509 34 911
2510 17 559
2511 73 996
2512 37 259
2513 42 691
2514 59 511
2515 28 694
2516 34 64
2517 40 259
2518 47 852
2519 6 545
2520 1 440
2521 56 657
2522 94 189
2523 62 504
2524 97 384
2525 62 877
2526 84 656
2527 76 360
2528 44 522
2529 31 896
2530 31 825
2531 45 414
2532 69 308
2533 3 764
2534 73 189
2535 19 399
2536 7 881
2537 99 836
2538 80 112
2539 22 973
2540 25 106
2541 99 929
2542 32 815
2543 5 520
2544 38 652
2545 66 662
2546 92 254
2547 37 146
2548 43 836
2549 93 621
2550 31 438
2551 21 717
2552 45 899
2553 25 109
2554 18 481
2555 69 287
2556 94 227
2557 37 873
2558 92 579
2559 26 154
2560 56 788
2561 17 308
2562 52 607
2563 92 180
2564 97 366
2565 90 675
2566 95 583
2567 77 48
2568 28 977
2569 69 496
2570 81 273
2571 73 418
2572 66 727
2573 40 342
2574 56 806
2575 97 558
2576 77 380
2577 16 122
2578 78 842
2579 91 206
2580 41 468
2581 45 924
2582 60 503
2583 18 384
2584 96 371
2585 35 111
2586 49 641
2587 15 383
2588 48 970
2589 22 491
2590 58 806
2591 99 858
2592 10 981
2593 69 790
2594 67 520
2595 86 370
2596 12 502
2597 42 579
2598 28 259
2599 43 185
2600 33 424
2601 34 82
2602 77 264
2603 30 892
2604 30 34
2605 27 756
2606 22 323
2607 14 56
2608 67 852
2609 60 907
2610 34 588
2611 17 317
2612 76 950
2613 87 788
2614 6 726
2615 1 607
2616 74 909
2617 7 786
2618 9 257
2619 6 321
2620 58 575
2621 31 399
2622 22 188
2623 19 239
2624 81 270
2625 50 468
2626 57 48
2627 61 925
2628 72 132
2629 72 109
2630 87 179
2631 85 28
2632 47 130
2633 79 285
2634 90 689
2635 7 443
2636 74 121
2637 77 92
2638 21 711
2639 99 859
2640 48 382
2641 60 15
2642 68 79
2643 63 818
2644 93 689
2645 35 143
2646 94 938
2647 24 585
2648 67 246
2649 56 344
2650 63 542
2651 52 135
2652 44 914
2653 73 714
2654 8 93
2655 6 566
2656 61 949
2657 92 95
2658 10 850
2659 93 288
2660 24 802
2661 32 303
2662 27 873
2663 14 641
2664 34 974
2665 71 283
2666 92 686
2667 4 213
2668 70 600
2669 42 785
2670 34 905
2671 8 425
2672 67 538
2673 98 56
2674 86 156
2675 29 749
2676 10 781
2677 64 365
2678 11 939
2679 94 448
2680 33 501
2681 27 340
2682 41 533
2683 79 480
2684 23 949
2685 53 786
2686 40 387
2687 33 119
2688 29 435
2689 78 788
2690 1 392
2691 8 591
2692 63 255
2693 32 641
2694 32 705
2695 20 24
2696 79 576
2697 56 821
2698 89 626
2699 55 714
2700 84 326
2701 44 310
2702 91 342
2703 72 379
2704 43 164
2705 90 707
2706 24 465
2707 48 720
2708 10 557
2709 31 504
2710 59 776
2711 56 628
2712 56 929
2713 91 238
2714 92 407
2715 18 270
2716 7 403
2717 57 918
2718 77 466
2719 31 227
2720 62 164
2721 68 793
2722 32 68
2723 38 246
2724 21 179
2725 9 150
2726 65 996
2727 22 162
2728 50 677
2729 8 211
2730 49 780
2731 37 151
2732 36 749
2733 9 968
2734 10 451
2735 15 220
2736 31 847
2737 62 578
2738 88 933
2739 77 71
2740 21 599
2741 37 615
2742 49 677
2743 68 491
2744 41 343
2745 17 795
2746 34 654
2747 13 770
2748 66 400
2749 54 621
2750 20 619
2751 98 564
2752 11 341
2753 95 427
2754 30 428
2755 67 456
2756 39 458
2757 31 397
2758 26 232
2759 93 582
2760 76 952
2761 42 988
2762 77 789
2763 64 807
2764 51 197
2765 27 694
2766 11 229
2767 67 422
2768 49 107
2769 95 365
2770 82 194
2771 35 730
2772 68 160
2773 23 178
2774 77 398
2775 83 52
2776 91 561
2777 90 369
2778 56 639
2779 1 635
2780 54 151
2781 19 430
2782 44 73
2783 8 12
2784 66 328
2785 78 822
2786 87 799
2787 74 987
2788 63 416
2789 44 471
2790 70 619
2791 12 480
2792 47 46
2793 93 13
2794 8 730
2795 87 612
2796 92 830
2797 37 408
2798 28 127
2799 22 519
2800 29 463
2801 79 674
2802 68 367
2803 53 949
2804 20 46
2805 56 899
2806 36 804
2807 77 856
2808 71 26
2809 10 597
2810 89 538
2811 39 163
2812 70 378
2813 94 762
2814 8 946
2815 43 726
2816 12 388
2817 8 110
2818 76 998
2819 31 970
2820 58 54
2821 34 944
2822 5 948
2823 14 479
2824 27 633
2825 47 744
2826 35 809
2827 29 442
2828 22 613
2829 68 448
2830 43 362
2831 92 703
2832 70 586
2833 11 227
2834 51 149
2835 18 42
2836 53 455
2837 2 536
2838 34 288
2839 30 581
2840 20 957
2841 44 597
2842 71 462
2843 46 955
2844 63 625
2845 6 736
2846 52 277
2847 94 25
2848 29 224
2849 38 348
2850 9 277
2851 6 477
2852 50 488
2853 74 485
2854 85 187
2855 76 427
2856 68 676
2857 98 121
2858 47 894
2859 18 570
2860 31 251
2861 64 655
2862 31 132
2863 6 316
2864 37 274
2865 70 293
2866 32 668
2867 10 307
2868 75 657
2869 10 686
2870 84 820
2871 21 771
2872 90 588
2873 33 651
2874 68 293
2875 70 821
2876 16 463
2877 59 905
2878 15 60
2879 26 477
2880 3 890
2881 45 885
2882 84 554
2883 37 939
2884 36 328
2885 44 525
2886 84 588
2887 63 670
2888 82 359
2889 16 294
2890 76 45
2891 83 737
2892 13 195
2893 34 903
2894 76 505
2895 24 980
2896 20 73
2897 57 496
2898 10 979
2899 46 513
2900 16 219
2901 91 315
2902 4 900
2903 74 199
2904 40 659
2905 96 556
2906 80 468
2907 54 259
2908 40 143
2909 26 244
2910 98 669
2911 43 830
2912 51 444
2913 53 814
2914 65 190
2915 15 27
2916 40 593
2917 71 646
2918 6 661
2919 37 804
2920 25 434
2921 14 491
2922 30 404
2923 6 649
2924 76 398
2925 64 307
2926 62 503
2927 89 136
2928 90 332
2929 87 191
2930 52 133
2931 62 662
2932 2 933
2933 50 70
2934 12 196
2935 65 75
2936 62 301
2937 8 183
2938 56 649
2939 37 237
2940 54 785
2941 74 320
2942 98 120
2943 92 387
2944 33 966
2945 5 60
2946 6 410
2947 67 530
2948 31 317
2949 55 57
2950 70 667
2951 83 976
2952 75 829
2953 83 564
2954 17 65
2955 31 165
2956 29 953
2957 82 675
2958 79 574
2959 50 109
2960 19 237
2961 17 636
2962 92 675
2963 52 332
2964 55 565
2965 72 849
2966 49 296
2967 89 815
2968 15 814
2969 5 683
2970 86 48
2971 86 423
2972 27 370
2973 45 81
2974 74 681
2975 17 938
2976 91 241
2977 43 198
2978 17 515
2979 31 744
2980 13 615
2981 35 219
2982 79 821
2983 98 34
2984 96 86
2985 2 586
2986 31 520
2987 77 589
2988 78 827
2989 29 632
2990 87 114
2991 13 4
2992 10 924
2993 34 502
2994 15 978
2995 38 108
2996 15 225
2997 19 541
2998 1 676
2999 78 503
3000 28 733
3001 32 986
3002 56 679
3003 60 604
3004 35 320
3005 82 904
3006 72 60
3007 76 428
3008 87 920
3009 84 748
3010 30 707
3011 41 466
3012 98 807
3013 15 564
3014 8 849
3015 3 432
3016 92 951
3017 56 824
3018 10 283
3019 70 45
3020 34 492
3021 64 785
3022 13 286
3023 96 732
3024 23 260
3025 90 110
3026 33 410
3027 95 494
3028 69 178
3029 51 610
3030 47 435
3031 89 822
3032 62 556
3033 2 660
3034 69 784
3035 42 322
3036 74 671
3037 14 870
3038 54 255
3039 99 660
3040 74 774
3041 71 193
3042 25 774
3043 74 331
3044 6 552
3045 15 542
3046 39 601
3047 44 852
3048 7 843
3049 27 8
3050 88 17
3051 19 948
3052 50 280
3053 69 406
3054 81 451
3055 52 431
3056 11 795
3057 47 384
3058 17 251
3059 46 345
3060 84 246
3061 16 831
3062 1 659
3063 3 80
3064 97 802
3065 51 852
3066 33 892
3067 32 6
3068 6 436
3069 95 608
3070 84 414
3071 49 991
3072 48 704
3073 82 166
3074 13 908
3075 61 557
3076 71 411
3077 63 671
3078 31 593
3079 62 669
3080 37 410
3081 2 957
3082 68 270
3083 56 494
3084 95 701
3085 9 536
3086 22 841
3087 31 737
3088 15 576
3089 83 276
3090 81 568
3091 93 670
3092 76 705
3093 8 989
3094 43 909
3095 25 878
3096 42 272
3097 96 666
3098 46 441
3099 9 666
3100 16 958
3101 28 423
3102 56 994
3103 75 534
3104 99 918
3105 8 48
3106 65 293
3107 7 114
3108 1 597
3109 83 790
3110 63 474
3111 85 894
3112 51 834
3113 11 735
3114 28 680
3115 63 266
3116 53 243
3117 62 988
3118 58 774
3119 69 217
3120 48 140
3121 85 195
3122 46 153
3123 46 15
3124 4 703
3125 44 832
3126 12 632
3127 71 816
3128 36 573
3129 57 315
3130 22 87
3131 21 252
3132 14 222
3133 42 184
3134 92 74
3135 81 851
3136 81 265
3137 91 265
3138 47 485
3139 47 636
3140 18 240
3141 93 573
3142 36 820
3143 47 776
3144 68 41
3145 83 850
3146 11 888
3147 69 67
3148 64 685
3149 95 556
3150 55 306
3151 46 51
3152 3 762
3153 26 808
3154 81 306
3155 3 359
3156 67 779
3157 30 138
3158 32 754
3159 6 369
3160 32 182
3161 83 227
3162 21 495
3163 67 423
3164 65 902
3165 1 22
3166 64 87
3167 58 376
3168 83 769
3169 6 89
3170 5 602
3171 13 692
3172 27 569
3173 35 881
3174 34 854
3175 51 439
3176 73 991
3177 21 111
3178 15 773
3179 82 266
3180 42 854
3181 16 982
3182 10 966
3183 84 934
3184 35 433
3185 85 207
3186 88 587
3187 45 844
3188 14 798
3189 70 51
3190 72 157
3191 75 614
3192 68 713
3193 63 44
3194 29 217
3195 63 823
3196 93 308
3197 15 343
3198 33 863
3199 25 710
3200 31 93
3201 3 189
3202 80 44
3203 94 863
3204 52 186
3205 91 651
3206 91 784
3207 6 155
3208 84 863
3209 15 491
3210 57 78
3211 39 683
3212 22 337
3213 33 596
3214 52 316
3215 53 192
3216 88 952
3217 1 247
3218 58 754
3219 40 559
3220 87 719
3221 99 380
3222 13 925
3223 38 160
3224 4 547
3225 12 309
3226 89 682
3227 71 941
3228 33 638
3229 76 45
3230 8 567
3231 8 732
3232 42 420
3233 72 773
3234 23 129
3235 48 322
3236 55 844
3237 47 226
3238 1 783
3239 45 292
3240 10 905
3241 97 853
3242 88 792
3243 58 296
3244 59 853
3245 41 86
3246 32 483
3247 25 58
3248 76 487
3249 9 363
3250 97 326
3251 48 984
3252 63 451
3253 97 529
3254 89 478
3255 1 370
3256 72 680
3257 70 805
3258 82 316
3259 98 828
3260 79 173
3261 20 43
3262 33 370
3263 34 332
3264 84 503
3265 33 448
3266 73 995
3267 71 417
3268 82 575
3269 81 466
3270 76 126
3271 61 513
3272 76 485
3273 31 812
3274 14 92
3275 25 12
3276 88 362
3277 96 446
3278 14 104
3279 13 309
3280 94 941
3281 46 133
3282 97 763
3283 8 994
3284 36 245
3285 99 91
3286 56 802
3287 55 510
3288 71 825
3289 67 102
3290 54 868
3291 18 597
3292 81 387
3293 77 822
3294 92 612
3295 97 182
3296 86 293
3297 95 473
3298 53 676
3299 52 450
3300 63 923
3301 75 833
3302 19 819
3303 80 986
3304 8 32
3305 33 270
3306 88 179
3307 15 13
3308 28 267
3309 77 463
3310 88 311
3311 85 322
3312 45 904
3313 55 271
3314 15 749
3315 26 951
3316 57 214
3317 85 947
3318 56 626
3319 24 558
3320 87 66
3321 96 742
3322 31 475
3323 78 154
3324 68 382
3325 89 703
3326 93 551
3327 11 50
3328 93 509
3329 19 673
3330 67 572
3331 51 934
3332 86 416
3333 63 405
3334 90 99
3335 68 21
3336 42 470
3337 61 536
3338 80 404
3339 76 636
3340 56 637
3341 56 185
3342 60 175
3343 20 187
3344 11 757
3345 33 305
3346 64 534
3347 32 947
3348 82 914
3349 58 255
3350 45 635
3351 26 847
3352 86 43
3353 16 352
3354 75 649
3355 55 643
3356 31 110
3357 45 545
3358 27 735
3359 61 824
3360 79 638
3361 95 676
3362 81 862
3363 65 250
3364 97 761
3365 77 614
3366 95 154
3367 87 898
3368 19 726
3369 46 88
3370 10 950
3371 58 85
3372 34 331
3373 79 921
3374 60 443
3375 59 38
3376 36 302
3377 38 839
3378 39 567
3379 1 811
3380 25 513
3381 23 48
3382 8 363
3383 53 405
3384 89 533
3385 76 837
3386 94 774
3387 53 213
3388 25 169
3389 32 446
3390 11 212
3391 24 114
3392 27 593
3393 8 281
3394 28 845
3395 45 735
3396 89 132
3397 14 702
3398 86 588
3399 17 82
3400 85 283
3401 76 682
3402 30 526
3403 44 744
3404 15 456
3405 2 989
3406 85 910
3407 85 629
3408 31 505
3409 12 865
3410 54 472
3411 32 314
3412 38 871
3413 65 530
3414 66 796
3415 17 118
3416 97 724
3417 36 179
3418 12 369
3419 68 186
3420 40 40
3421 3 558
3422 86 792
3423 95 524
3424 33 244
3425 47 703
3426 96 886
3427 96 680
3428 92 630
3429 33 270
3430 83 101
3431 78 5
3432 91 730
3433 30 510
3434 76 49
3435 13 830
3436 34 322
3437 1 222
3438 59 336
3439 40 199
3440 65 801
3441 46 525
3442 45 292
3443 33 642
3444 21 517
3445 94 577
3446 27 750
3447 77 821
3448 86 848
3449 52 730
3450 86 854
3451 92 311
3452 69 806
3453 90 465
3454 44 765
3455 14 941
3456 66 793
3457 43 441
3458 26 792
3459 41 58
3460 1 59
3461 95 611
3462 5 110
3463 53 253
3464 32 791
3465 64 772
3466 3 754
3467 40 546
3468 99 111
3469 65 372
3470 61 570
3471 94 634
3472 93 522
3473 47 549
3474 9 496
3475 43 34
3476 39 364
3477 1 905
3478 45 606
3479 16 424
3480 16 720
3481 41 992
3482 3 509
3483 33 907
3484 12 872
3485 63 446
3486 60 606
3487 47 859
3488 36 280
3489 57 547
3490 16 342
3491 62 62
3492 33 528
3493 40 491
3494 96 163
3495 59 139
3496 76 591
3497 5 461
3498 4 889
3499 88 235
3500 15 829
3501 22 195
3502 12 935
3503 66 173
3504 23 424
3505 63 526
3506 54 179
3507 48 491
3508 68 632
3509 92 673
3510 31 922
3511 79 27
3512 62 654
3513 16 825
3514 90 97
3515 36 132
3516 89 782
3517 3 453
3518 28 910
3519 9 574
3520 17 269
3521 82 316
3522 65 307
3523 63 156
3524 59 188
3525 94 61
3526 48 649
3527 88 263
3528 13 40
3529 19 684
3530 15 207
3531 68 570
3532 25 831
3533 66 988
3534 75 994
3535 99 190
3536 60 650
3537 36 342
3538 74 591
3539 11 75
3540 11 836
3541 71 654
3542 64 210
3543 16 4
3544 96 635
3545 94 287
3546 68 726
3547 84 227
3548 90 215
3549 74 485
3550 52 390
3551 88 849
3552 63 683
3553 69 35
3554 80 789
3555 39 520
3556 86 772
3557 78 283
3558 70 968
3559 97 48
3560 22 849
3561 84 751
3562 38 698
3563 94 266
3564 28 692
3565 41 576
3566 68 73
3567 52 866
3568 20 537
3569 37 238
3570 45 805
3571 50 826
3572 65 476
3573 30 477
3574 23 2
3575 2 227
3576 31 152
3577 53 893
3578 75 64
3579 65 654
3580 46 879
3581 83 901
3582 29 267
3583 10 28
3584 6 196
3585 55 43
3586 89 99
3587 11 62
3588 65 999
3589 46 889
3590 43 773
3591 60 176
3592 93 884
3593 26 586
3594 12 619
3595 8 255
3596 94 146
3597 8 246
3598 31 730
3599 81 478
3600 54 77
3601 92 425
3602 3 19
3603 73 748
3604 1 610
3605 55 657
3606 11 346
3607 98 710
3608 88 514
3609 13 486
3610 35 895
3611 41 38
3612 81 978
3613 81 29
3614 45 203
3615 46 86
3616 23 866
3617 80 251
3618 3 551
3619 98 324
3620 23 302
3621 2 790
3622 56 989
3623 18 276
3624 78 66
3625 51 784
3626 55 11
3627 58 104
3628 87 898
3629 70 61
3630 67 276
3631 92 669
3632 79 277
3633 95 334
3634 4 538
3635 36 412
3636 77 324
3637 63 501
3638 57 964
3639 43 518
3640 33 557
3641 80 596
3642 99 644
3643 60 593
3644 62 104
3645 94 746
3646 55 385
3647 94 506
3648 89 389
3649 31 116
3650 44 106
3651 96 437
3652 19 50
3653 32 851
3654 73 858
3655 70 799
3656 28 889
3657 97 715
3658 89 429
3659 58 363
3660 30 663
3661 55 780
3662 18 324
3663 43 602
3664 65 696
3665 49 734
3666 11 337
3667 41 495
3668 62 472
3669 55 421
3670 94 553
3671 82 195
3672 50 14
3673 56 941
3674 70 679
3675 29 831
3676 84 513
3677 99 211
3678 55 400
3679 44 66
3680 1 485
3681 82 407
3682 67 983
3683 2 801
3684 5 946
3685 23 588
3686 45 724
3687 44 838
3688 95 251
3689 37 227
3690 87 256
3691 87 795
3692 80 763
3693 32 362
3694 96 402
3695 64 642
3696 22 185
3697 97 625
3698 40 737
3699 97 368
3700 30 216
3701 6 488
3702 44 708
3703 66 660
3704 27 628
3705 19 654
3706 97 453
3707 70 705
3708 86 147
3709 89 715
3710 15 547
3711 33 590
3712 52 408
3713 18 666
3714 30 280
3715 46 201
3716 68 950
3717 38 594
3718 3 457
3719 69 510
3720 77 612
3721 63 108
3722 21 925
3723 55 652
3724 1 791
3725 80 323
3726 90 543
3727 25 809
3728 4 257
3729 76 920
3730 57 815
3731 55 434
3732 89 944
3733 79 321
3734 49 336
3735 37 7
3736 47 211
3737 77 773
3738 12 204
3739 68 742
3740 95 274
3741 89 186
3742 93 346
3743 71 127
3744 53 911
3745 69 966
3746 11 583
3747 97 741
3748 78 507
3749 5 842
3750 15 366
3751 13 10
3752 31 695
3753 77 806
3754 16 629
3755 25 812
3756 52 511
3757 30 868
3758 13 173
3759 37 669
3760 86 583
3761 40 618
3762 22 919
3763 94 286
3764 87 149
3765 1 423
3766 18 729
3767 15 220
3768 64 640
3769 64 550
3770 6 144
3771 56 418
3772 8 725
3773 46 88
3774 65 342
3775 52 18
3776 10 121
3777 65 373
3778 87 543
3779 70 839
3780 14 768
3781 16 113
3782 95 554
3783 42 890
3784 55 355
3785 18 979
3786 29 937
3787 68 528
3788 4 832
3789 78 978
3790 99 413
3791 27 445
3792 60 596
3793 52 82
3794 94 845
3795 85 729
3796 7 514
3797 38 730
3798 90 789
3799 83 468
3800 75 229
3801 29 104
3802 11 453
3803 80 655
3804 13 107
3805 28 155
3806 32 166
3807 9 510
3808 42 422
3809 34 281
3810 17 516
3811 53 1
3812 47 938
3813 15 345
3814 45 858
3815 14 543
3816 37 727
3817 32 998
3818 48 936
3819 9 563
3820 64 897
3821 2 255
3822 1 203
3823 84 594
3824 41 295
3825 3 792
3826 89 682
3827 15 880
3828 25 393
3829 62 225
3830 61 53
3831 30 560
3832 74 528
3833 24 326
3834 97 958
3835 92 841
3836 28 836
3837 60 903
3838 89 911
3839 47 17
3840 19 222
3841 66 252
3842 42 636
3843 14 531
3844 22 251
3845 88 97
3846 1 61
3847 91 624
3848 12 405
3849 62 280
3850 11 921
3851 24 84
3852 95 716
3853 73 801
3854 25 915
3855 74 636
3856 21 195
3857 27 111
3858 64 774
3859 52 838
3860 71 189
3861 21 572
3862 27 794
3863 27 88
3864 93 589
3865 5 799
3866 29 298
3867 58 265
3868 64 961
3869 67 256
3870 61 174
3871 9 411
3872 18 836
3873 85 677
3874 24 453
3875 14 383
3876 2 606
3877 83 335
3878 98 116
3879 60 967
3880 44 266
3881 83 176
3882 38 133
3883 22 306
3884 90 899
3885 9 303
3886 76 354
3887 86 94
3888 51 732
3889 77 624
3890 3 79
3891 69 200
3892 8 927
3893 96 753
3894 20 431
3895 33 7
3896 5 692
3897 87 611
3898 64 740
3899 32 725
3900 91 152
3901 79 674
3902 42 182
3903 17 667
3904 57 218
3905 32 945
3906 15 859
3907 16 889
3908 46 723
3909 14 483
3910 75 954
3911 4 271
3912 83 220
3913 46 990
3914 11 363
3915 73 872
3916 15 672
3917 37 388
3918 85 209
3919 77 105
3920 66 782
3921 48 196
3922 33 986
3923 61 447
3924 60 854
3925 74 386
3926 59 397
3927 45 993
3928 91 949
3929 2 792
3930 72 65
3931 30 902
3932 93 797
3933 92 948
3934 87 235
3935 40 421
3936 78 243
3937 34 237
3938 58 910
3939 50 523
3940 76 40
3941 90 287
3942 55 297
3943 36 925
3944 43 886
3945 26 386
3946 10 351
3947 19 192
3948 37 806
3949 77 483
3950 55 257
3951 47 64
3952 39 207
3953 80 380
3954 37 992
3955 45 388
3956 95 723
3957 52 910
3958 1 877
3959 49 467
3960 14 283
3961 82 191
3962 23 22
3963 4 832
3964 36 431
3965 84 916
3966 76 368
3967 37 420
3968 80 476
3969 68 991
3970 15 452
3971 82 4
3972 96 467
3973 75 462
3974 87 815
3975 64 384
3976 75 937
3977 76 899
3978 11 203
3979 95 730
3980 30 158
3981 1 581
3982 7 171
3983 19 929
3984 71 782
3985 75 22
3986 84 764
3987 82 597
3988 28 479
3989 27 635
3990 9 552
3991 12 760
3992 28 380
3993 5 951
3994 38 439
3995 43 317
3996 38 362
3997 62 884
3998 94 414
3999 34 700
4000 33 27
4001 68 428
4002 64 980
4003 57 308
4004 53 595
4005 77 55
4006 44 167
4007 76 75
4008 15 788
4009 12 355
4010 37 188
4011 22 558
4012 16 753
4013 57 429
4014 34 986
4015 44 396
4016 17 638
4017 70 564
4018 86 597
4019 49 578
4020 58 589
4021 19 84
4022 88 691
4023 43 416
4024 32 633
4025 3 869
4026 52 179
4027 4 452
4028 83 795
4029 52 655
4030 87 123
4031 26 536
4032 25 231
4033 18 565
4034 23 988
4035 11 423
4036 49 115
4037 53 696
4038 52 724
4039 66 683
4040 69 924
4041 7 297
4042 93 865
4043 34 231
4044 56 931
4045 31 199
4046 65 865
4047 32 667
4048 66 540
4049 96 373
4050 15 338
4051 52 661
4052 80 627
4053 16 323
4054 32 953
4055 96 609
4056 86 153
4057 81 775
4058 5 344
4059 19 208
4060 43 500
4061 19 289
4062 55 660
4063 88 694
4064 47 588
4065 16 68
4066 92 64
4067 4 670
4068 13 748
4069 53 271
4070 96 238
4071 41 67
4072 26 282
4073 27 394
4074 75 359
4075 95 609
4076 7 569
4077 15 594
4078 8 141
4079 84 298
4080 59 242
4081 3 977
4082 62 467
4083 6 54
4084 49 522
4085 63 60
4086 29 926
4087 15 578
4088 70 599
4089 7 609
4090 77 233
4091 55 340
4092 77 151
4093 32 289
4094 63 254
4095 13 979
4096 29 170
4097 56 443
4098 67 716
4099 60 652
4100 56 572
4101 53 84
4102 12 698
4103 45 559
4104 89 251
4105 47 397
4106 77 225
4107 70 607
4108 92 752
4109 45 259
4110 88 333
4111 82 471
4112 14 532
4113 71 592
4114 97 123
4115 85 617
4116 98 810
4117 60 398
4118 40 504
4119 35 794
4120 38 396
4121 95 681
4122 18 288
4123 61 241
4124 7 490
4125 58 288
4126 70 151
4127 81 728
4128 83 298
4129 79 502
4130 43 481
4131 74 597
4132 41 859
4133 60 359
4134 13 724
4135 76 734
4136 17 621
4137 44 816
4138 87 146
4139 30 837
4140 94 12
4141 96 84
4142 63 424
4143 39 288
4144 45 318
4145 63 318
4146 2 146
4147 39 79
4148 98 693
4149 7 889
4150 50 481
4151 83 892
4152 81 162
4153 55 122
4154 2 729
4155 79 221
4156 19 266
4157 97 576
4158 76 83
4159 32 363
4160 62 452
4161 50 564
4162 19 221
4163 69 855
4164 19 883
4165 22 904
4166 76 500
4167 92 818
4168 98 564
4169 64 837
4170 17 604
4171 61 634
4172 8 458
4173 67 272
4174 89 805
4175 45 446
4176 69 213
4177 33 973
4178 18 620
4179 65 808
4180 65 39
4181 61 136
4182 35 210
4183 68 626
4184 80 504
4185 84 637
4186 57 569
4187 13 338
4188 83 190
4189 89 780
4190 94 759
4191 9 125
4192 66 277
4193 20 80
4194 54 152
4195 48 505
4196 21 139
4197 10 655
4198 91 671
4199 51 373
4200 4 631
4201 28 373
4202 70 428
4203 1 705
4204 44 594
4205 48 963
4206 25 429
4207 89 614
4208 86 487
4209 91 652
4210 50 332
4211 3 890
4212 33 450
4213 39 18
4214 60 434
4215 96 808
4216 68 402
4217 80 100
4218 62 405
4219 68 729
4220 45 918
4221 52 452
4222 42 47
4223 21 122
4224 65 783
4225 57 262
4226 64 491
4227 34 579
4228 45 271
4229 73 178
4230 56 291
4231 10 234
4232 50 277
4233 47 3
4234 32 739
4235 82 371
4236 60 973
4237 9 656
4238 38 909
4239 50 676
4240 92 833
4241 73 189
4242 28 388
4243 51 395
4244 26 826
4245 45 623
4246 37 814
4247 93 159
4248 21 590
4249 36 63
4250 94 590
4251 47 171
4252 82 411
4253 47 319
4254 42 569
4255 56 184
4256 96 463
4257 71 581
4258 14 45
4259 17 205
4260 19 761
4261 86 241
4262 42 167
4263 16 523
4264 63 652
4265 97 288
4266 68 673
4267 18 707
4268 29 195
4269 81 534
4270 37 161
4271 36 279
4272 99 67
4273 59 416
4274 98 243
4275 39 567
4276 4 69
4277 61 506
4278 90 993
4279 30 724
4280 14 52
4281 52 145
4282 6 15
4283 14 560
4284 31 674
4285 22 559
4286 89 15
4287 7 661
4288 60 886
4289 55 207
4290 60 121
4291 88 220
4292 85 544
4293 4 677
4294 50 753
4295 43 55
4296 6 690
4297 80 431
4298 80 135
4299 43 103
4300 48 426
4301 69 33
4302 15 422
4303 81 637
4304 51 829
4305 35 855
4306 78 187
4307 77 951
4308 98 527
4309 79 68
4310 8 705
4311 98 502
4312 39 609
4313 81 280
4314 24 555
4315 90 304
4316 98 417
4317 45 474
4318 69 534
4319 75 686
4320 4 529
4321 79 287
4322 61 198
4323 27 557
4324 48 753
4325 50 926
4326 49 313
4327 12 319
4328 47 1
4329 65 620
4330 33 814
4331 61 378
4332 67 682
4333 97 897
4334 47 598
4335 70 791
4336 80 328
4337 96 886
4338 36 35
4339 97 577
4340 94 655
4341 76 753
4342 54 177
4343 33 65
4344 42 304
4345 11 532
4346 99 898
4347 92 308
4348 1 486
4349 29 929
4350 91 753
4351 62 619
4352 61 344
4353 67 747
4354 70 220
4355 86 582
4356 44 412
4357 54 585
4358 92 827
4359 71 503
4360 74 53
4361 45 267
4362 36 73
4363 40 729
4364 60 602
4365 3 17
4366 29 224
4367 3 392
4368 25 145
4369 58 775
4370 91 817
4371 42 676
4372 42 568
4373 81 815
4374 65 431
4375 23 498
4376 34 104
4377 70 323
4378 30 977
4379 84 898
4380 73 229
4381 68 755
4382 48 262
4383 85 7
4384 48 695
4385 75 516
4386 57 545
4387 24 769
4388 33 85
4389 20 557
4390 24 696
4391 32 394
4392 29 803
4393 43 963
4394 92 3
4395 71 915
4396 64 835
4397 7 44
4398 49 610
4399 10 175
4400 57 809
4401 7 545
4402 94 9
4403 17 364
4404 29 972
4405 2 463
4406 79 523
4407 21 16
4408 25 887
4409 49 739
4410 34 121
4411 41 454
4412 76 720
4413 66 720
4414 17 785
4415 80 936
4416 54 91
4417 33 478
4418 28 743
4419 7 978
4420 52 100
4421 35 595
4422 52 733
4423 34 638
4424 23 769
4425 10 241
4426 32 445
4427 77 153
4428 4 665
4429 20 142
4430 32 302
4431 41 373
4432 55 364
4433 37 825
4434 50 335
4435 62 423
4436 12 259
4437 59 932
4438 11 34
4439 54 716
4440 43 948
4441 5 43
4442 16 273
4443 86 499
4444 79 92
4445 96 479
4446 11 680
4447 10 189
4448 86 326
4449 15 820
4450 49 414
4451 34 888
4452 83 522
4453 20 162
4454 57 686
4455 58 801
4456 43 211
4457 1 437
4458 97 42
4459 76 836
4460 18 397
4461 32 194
4462 4 868
4463 95 931
4464 11 66
4465 39 839
4466 57 495
4467 21 943
4468 95 475
4469 46 496
4470 1 732
4471 90 923
4472 5 554
4473 44 453
4474 37 820
4475 89 378
4476 23 87
4477 50 446
4478 12 444
4479 49 465
4480 35 250
4481 66 771
4482 2 733
4483 19 517
4484 89 298
4485 47 217
4486 87 663
4487 71 720
4488 5 404
4489 31 78
4490 21 230
4491 52 13
4492 47 681
4493 74 28
4494 40 53
4495 56 892
4496 7 513
4497 5 987
4498 48 790
4499 62 776
4500 17 191
4501 47 555
4502 37 904
4503 70 684
4504 29 956
4505 99 800
4506 72 828
4507 22 922
4508 37 884
4509 1 650
4510 88 287
4511 59 54
4512 46 657
4513 94 524
4514 41 164
4515 23 931
4516 16 299
4517 18 422
4518 24 736
4519 63 378
4520 30 942
4521 12 448
4522 49 9
4523 20 188
4524 74 501
4525 67 336
4526 47 543
4527 65 894
4528 73 461
4529 21 13
4530 30 991
4531 70 515
4532 53 875
4533 96 919
4534 84 713
4535 85 727
4536 85 760
4537 70 629
4538 31 632
4539 35 986
4540 67 74
4541 53 789
4542 38 45
4543 17 914
4544 48 876
4545 18 835
4546 90 639
4547 60 161
4548 2 326
4549 8 951
4550 41 381
4551 17 188
4552 5 298
4553 64 163
4554 15 233
4555 12 677
4556 24 149
4557 77 483
4558 71 257
4559 48 409
4560 70 717
4561 52 834
4562 37 812
4563 57 702
4564 41 270
4565 76 229
4566 75 240
4567 54 468
4568 4 942
4569 8 444
4570 12 424
4571 45 15
4572 54 116
4573 64 149
4574 28 556
4575 26 604
4576 81 274
4577 62 160
4578 33 982
4579 96 129
4580 1 10
4581 18 5
4582 37 719
4583 94 511
4584 28 494
4585 21 601
4586 9 23
4587 87 811
4588 51 354
4589 11 893
4590 13 882
4591 78 231
4592 27 357
4593 70 592
4594 75 341
4595 2 36
4596 53 730
4597 15 670
4598 37 258
4599 91 930
4600 36 515
4601 30 96
4602 13 284
4603 24 380
4604 63 462
4605 66 686
4606 28 85
4607 22 340
4608 25 623
4609 8 924
4610 18 423
4611 9 9
4612 61 919
4613 34 437
4614 8 111
4615 68 389
4616 30 739
4617 18 865
4618 19 915
4619 50 706
4620 55 764
4621 5 322
4622 35 431
4623 44 435
4624 53 809
4625 60 444
4626 13 925
4627 84 308
4628 47 535
4629 26 749
4630 80 809
4631 96 199
4632 38 944
4633 78 420
4634 72 774
4635 55 351
4636 54 240
4637 73 587
4638 1 49
4639 40 312
4640 81 480
4641 93 584
4642 94 718
4643 73 156
4644 4 883
4645 49 735
4646 13 820
4647 25 774
4648 22 798
4649 35 668
4650 24 280
4651 11 983
4652 55 681
4653 5 55
4654 53 375
4655 10 761
4656 21 331
4657 77 963
4658 60 141
4659 34 627
4660 37 623
4661 55 954
4662 38 774
4663 96 504
4664 64 412
4665 16 243
4666 43 294
4667 29 817
4668 27 426
4669 68 479
4670 71 38
4671 71 274
4672 61 840
4673 47 670
4674 8 506
4675 32 746
4676 87 574
4677 63 670
4678 57 765
4679 63 523
4680 42 969
4681 18 472
4682 65 133
4683 47 819
4684 17 999
4685 72 371
4686 69 94
4687 59 586
4688 27 361
4689 96 221
4690 6 869
4691 95 251
4692 85 150
4693 95 295
4694 50 635
4695 13 439
4696 33 153
4697 62 322
4698 39 625
4699 68 892
4700 95 421
4701 1 184
4702 84 970
4703 87 923
4704 76 983
4705 49 320
4706 73 501
4707 32 598
4708 3 27
4709 45 332
4710 65 322
4711 59 363
4712 17 539
4713 70 680
4714 84 962
4715 53 321
4716 29 114
4717 47 913
4718 78 212
4719 81 619
4720 31 870
4721 31 141
4722 1 906
4723 9 910
4724 58 813
4725 24 955
4726 22 148
4727 59 649
4728 29 237
4729 48 87
4730 67 869
4731 61 243
4732 17 423
4733 47 520
4734 90 451
4735 81 654
4736 90 822
4737 72 912
4738 57 755
4739 63 125
4740 95 810
4741 99 365
4742 85 5
4743 62 131
4744 96 811
4745 53 206
4746 14 884
4747 96 453
4748 56 601
4749 7 73
4750 1 165
4751 16 351
4752 21 253
4753 69 953
4754 90 791
4755 19 437
4756 68 960
4757 60 63
4758 79 168
4759 27 151
4760 49 105
4761 5 181
4762 95 429
4763 1 424
4764 57 518
4765 12 914
4766 93 548
4767 58 577
4768 92 139
4769 60 896
4770 24 203
4771 33 675
4772 21 587
4773 99 494
4774 33 408
4775 22 278
4776 25 541
4777 2 312
4778 63 145
4779 72 490
4780 69 441
4781 40 198
4782 92 197
4783 41 388
4784 78 179
4785 98 207
4786 26 819
4787 8 204
4788 14 538
4789 32 950
4790 79 862
4791 59 582
4792 97 919
4793 80 286
4794 67 907
4795 66 59
4796 6 160
4797 43 804
4798 77 816
4799 77 617
4800 1 410
4801 4 35
4802 39 839
4803 94 940
4804 71 184
4805 16 461
4806 37 95
4807 33 795
4808 29 660
4809 53 720
4810 19 789
4811 95 597
4812 27 189
4813 31 334
4814 67 509
4815 54 596
4816 82 453
4817 66 17
4818 6 856
4819 37 44
4820 73 488
4821 24 17
4822 62 893
4823 82 323
4824 41 278
4825 92 158
4826 53 651
4827 43 712
4828 40 91
4829 8 866
4830 23 903
4831 16 644
4832 13 679
4833 51 711
4834 46 138
4835 73 53
4836 99 69
4837 45 108
4838 55 865
4839 66 857
4840 34 186
4841 10 923
4842 85 981
4843 43 876
4844 19 467
4845 64 575
4846 31 679
4847 71 763
4848 23 290
4849 11 243
4850 57 476
4851 71 682
4852 74 593
4853 26 275
4854 67 528
4855 77 446
4856 42 819
4857 5 626
4858 74 463
4859 49 906
4860 19 570
4861 18 793
4862 27 223
4863 30 935
4864 77 555
4865 80 541
4866 40 97
4867 2 255
4868 21 785
4869 8 923
4870 93 168
4871 99 648
4872 71 92
4873 40 900
4874 65 179
4875 41 290
4876 77 876
4877 55 470
4878 99 239
4879 8 142
4880 23 475
4881 18 20
4882 89 330
4883 70 347
4884 88 851
4885 90 932
4886 88 483
4887 89 21
4888 83 86
4889 8 324
4890 64 901
4891 69 952
4892 64 460
4893 21 345
4894 22 104
4895 82 572
4896 34 157
4897 73 267
4898 79 406
4899 43 520
4900 23 398
4901 96 252
4902 11 754
4903 60 528
4904 30 347
4905 55 620
4906 10 471
4907 95 455
4908 10 147
4909 49 371
4910 15 356
4911 12 432
4912 6 489
4913 62 950
4914 71 159
4915 35 485
4916 23 588
4917 29 435
4918 50 12
4919 54 864
4920 74 370
4921 1 580
4922 81 719
4923 74 21
4924 68 655
4925 34 588
4926 95 468
4927 89 737
4928 57 213
4929 72 887
4930 19 174
4931 14 613
4932 46 104
4933 89 330
4934 47 880
4935 43 534
4936 18 348
4937 91 115
4938 39 261
4939 27 15
4940 68 869
4941 78 711
4942 53 979
4943 7 987
4944 91 496
4945 99 581
4946 68 206
4947 20 252
4948 52 352
4949 52 203
4950 83 741
4951 31 689
4952 49 579
4953 43 203
4954 45 358
4955 16 846
4956 76 818
4957 18 28
4958 51 765
4959 2 168
4960 33 1
4961 43 789
4962 3 788
4963 5 442
4964 99 410
4965 33 207
4966 80 549
4967 1 134
4968 3 188
4969 29 237
4970 99 389
4971 87 799
4972 28 284
4973 62 531
4974 18 182
4975 57 820
4976 84 617
4977 47 59
4978 81 120
4979 75 890
4980 58 843
4981 79 437
4982 69 418
4983 94 621
4984 40 375
4985 4 552
4986 93 157
4987 27 745
4988 94 51
4989 21 982
4990 40 991
4991 54 233
4992 30 801
4993 98 317
4994 67 924
4995 57 632
4996 79 21
4997 18 748
4998 10 446
4999 50 471
